# JRE version: Java(TM) SE Runtime Environment (21.0.9+7) (build 21.0.9+7-LTS-338)
# Java VM: Java HotSpot(TM) 64-Bit Server VM (21.0.9+7-LTS-338, mixed mode, sharing, tiered, compressed oops, compressed class ptrs, g1 gc, windows-amd64)
GC Precious Log:
 CardTable entry size: 512
 Card Set container configuration: InlinePtr #cards 4 size 8 Array Of Cards #cards 16 size 48 Howl #buckets 8 coarsen threshold 3686 Howl Bitmap #cards 512 size 80 coarsen threshold 460 Card regions per heap region 1 cards per card region 4096
 CPUs: 16 total, 16 available
 Memory: 15676M
 Large Page Support: Disabled
 NUMA Support: Disabled
 Compressed Oops: Enabled (Zero based)
 Heap Region Size: 2M
 Heap Min Capacity: 8M
 Heap Initial Capacity: 246M
 Heap Max Capacity: 3920M
 Pre-touch: Disabled
 Parallel Workers: 13
 Concurrent Workers: 3
 Concurrent Refinement Workers: 13
 Periodic GC: Disabled
Heap:
 garbage-first heap   total 342016K, used 314888K [0x000000070b000000, 0x0000000800000000)
  region size 2048K, 58 young (118784K), 1 survivors (2048K)
 Metaspace       used 8770K, committed 9024K, reserved 1114112K
  class space    used 390K, committed 512K, reserved 1048576K
GC Heap History (20 events):
Event: 30.450 GC heap before
{Heap before GC invocations=22 (full 0):
 garbage-first heap   total 1181696K, used 203048K [0x000000070b000000, 0x0000000800000000)
  region size 2048K, 49 young (100352K), 6 survivors (12288K)
 Metaspace       used 8170K, committed 8448K, reserved 1114112K
  class space    used 364K, committed 512K, reserved 1048576K
}
Event: 30.460 GC heap after
{Heap after GC invocations=23 (full 0):
 garbage-first heap   total 1181696K, used 115369K [0x000000070b000000, 0x0000000800000000)
  region size 2048K, 4 young (8192K), 4 survivors (8192K)
 Metaspace       used 8170K, committed 8448K, reserved 1114112K
  class space    used 364K, committed 512K, reserved 1048576K
}
Event: 30.510 GC heap before
{Heap before GC invocations=24 (full 0):
 garbage-first heap   total 212992K, used 209577K [0x000000070b000000, 0x0000000800000000)
  region size 2048K, 39 young (79872K), 4 survivors (8192K)
 Metaspace       used 8170K, committed 8448K, reserved 1114112K
  class space    used 364K, committed 512K, reserved 1048576K
}
Event: 30.571 GC heap after
{Heap after GC invocations=25 (full 0):
 garbage-first heap   total 258048K, used 143453K [0x000000070b000000, 0x0000000800000000)
  region size 2048K, 21 young (43008K), 21 survivors (43008K)
 Metaspace       used 8170K, committed 8448K, reserved 1114112K
  class space    used 364K, committed 512K, reserved 1048576K
}
Event: 32.648 GC heap before
{Heap before GC invocations=25 (full 0):
 garbage-first heap   total 262144K, used 258141K [0x000000070b000000, 0x0000000800000000)
  region size 2048K, 44 young (90112K), 21 survivors (43008K)
 Metaspace       used 8170K, committed 8448K, reserved 1114112K
  class space    used 364K, committed 512K, reserved 1048576K
}
Event: 32.725 GC heap after
{Heap after GC invocations=26 (full 0):
 garbage-first heap   total 329728K, used 181901K [0x000000070b000000, 0x0000000800000000)
  region size 2048K, 6 young (12288K), 6 survivors (12288K)
 Metaspace       used 8170K, committed 8448K, reserved 1114112K
  class space    used 364K, committed 512K, reserved 1048576K
}
Event: 32.727 GC heap before
{Heap before GC invocations=26 (full 0):
 garbage-first heap   total 329728K, used 188045K [0x000000070b000000, 0x0000000800000000)
  region size 2048K, 10 young (20480K), 6 survivors (12288K)
 Metaspace       used 8170K, committed 8448K, reserved 1114112K
  class space    used 364K, committed 512K, reserved 1048576K
}
Event: 32.737 GC heap after
{Heap after GC invocations=27 (full 0):
 garbage-first heap   total 329728K, used 185272K [0x000000070b000000, 0x0000000800000000)
  region size 2048K, 1 young (2048K), 1 survivors (2048K)
 Metaspace       used 8170K, committed 8448K, reserved 1114112K
  class space    used 364K, committed 512K, reserved 1048576K
}
Event: 35.265 GC heap before
{Heap before GC invocations=28 (full 0):
 garbage-first heap   total 192512K, used 183224K [0x000000070b000000, 0x0000000800000000)
  region size 2048K, 34 young (69632K), 1 survivors (2048K)
 Metaspace       used 8170K, committed 8448K, reserved 1114112K
  class space    used 364K, committed 512K, reserved 1048576K
}
Event: 35.327 GC heap after
{Heap after GC invocations=29 (full 0):
 garbage-first heap   total 546816K, used 134627K [0x000000070b000000, 0x0000000800000000)
  region size 2048K, 5 young (10240K), 5 survivors (10240K)
 Metaspace       used 8170K, committed 8448K, reserved 1114112K
  class space    used 364K, committed 512K, reserved 1048576K
}
Event: 38.112 GC heap before
{Heap before GC invocations=29 (full 0):
 garbage-first heap   total 546816K, used 423395K [0x000000070b000000, 0x0000000800000000)
  region size 2048K, 93 young (190464K), 5 survivors (10240K)
 Metaspace       used 8171K, committed 8448K, reserved 1114112K
  class space    used 364K, committed 512K, reserved 1048576K
}
Event: 38.149 GC heap after
{Heap after GC invocations=30 (full 0):
 garbage-first heap   total 546816K, used 222820K [0x000000070b000000, 0x0000000800000000)
  region size 2048K, 12 young (24576K), 12 survivors (24576K)
 Metaspace       used 8171K, committed 8448K, reserved 1114112K
  class space    used 364K, committed 512K, reserved 1048576K
}
Event: 41.477 GC heap before
{Heap before GC invocations=30 (full 0):
 garbage-first heap   total 546816K, used 280164K [0x000000070b000000, 0x0000000800000000)
  region size 2048K, 42 young (86016K), 12 survivors (24576K)
 Metaspace       used 8171K, committed 8448K, reserved 1114112K
  class space    used 364K, committed 512K, reserved 1048576K
}
Event: 41.509 GC heap after
{Heap after GC invocations=31 (full 0):
 garbage-first heap   total 546816K, used 224388K [0x000000070b000000, 0x0000000800000000)
  region size 2048K, 1 young (2048K), 1 survivors (2048K)
 Metaspace       used 8171K, committed 8448K, reserved 1114112K
  class space    used 364K, committed 512K, reserved 1048576K
}
Event: 43.855 GC heap before
{Heap before GC invocations=32 (full 0):
 garbage-first heap   total 307200K, used 304260K [0x000000070b000000, 0x0000000800000000)
  region size 2048K, 48 young (98304K), 1 survivors (2048K)
 Metaspace       used 8171K, committed 8448K, reserved 1114112K
  class space    used 364K, committed 512K, reserved 1048576K
}
Event: 43.936 GC heap after
{Heap after GC invocations=33 (full 0):
 garbage-first heap   total 362496K, used 214628K [0x000000070b000000, 0x0000000800000000)
  region size 2048K, 10 young (20480K), 10 survivors (20480K)
 Metaspace       used 8171K, committed 8448K, reserved 1114112K
  class space    used 364K, committed 512K, reserved 1048576K
}
Event: 43.979 GC heap before
{Heap before GC invocations=33 (full 0):
 garbage-first heap   total 364544K, used 362084K [0x000000070b000000, 0x0000000800000000)
  region size 2048K, 46 young (94208K), 10 survivors (20480K)
 Metaspace       used 8171K, committed 8448K, reserved 1114112K
  class space    used 364K, committed 512K, reserved 1048576K
}
Event: 44.035 GC heap after
{Heap after GC invocations=34 (full 0):
 garbage-first heap   total 432128K, used 288095K [0x000000070b000000, 0x0000000800000000)
  region size 2048K, 6 young (12288K), 6 survivors (12288K)
 Metaspace       used 8171K, committed 8448K, reserved 1114112K
  class space    used 364K, committed 512K, reserved 1048576K
}
Event: 44.036 GC heap before
{Heap before GC invocations=34 (full 0):
 garbage-first heap   total 432128K, used 288095K [0x000000070b000000, 0x0000000800000000)
  region size 2048K, 7 young (14336K), 6 survivors (12288K)
 Metaspace       used 8171K, committed 8448K, reserved 1114112K
  class space    used 364K, committed 512K, reserved 1048576K
}
Event: 44.050 GC heap after
{Heap after GC invocations=35 (full 0):
 garbage-first heap   total 942080K, used 292360K [0x000000070b000000, 0x0000000800000000)
  region size 2048K, 1 young (2048K), 1 survivors (2048K)
 Metaspace       used 8171K, committed 8448K, reserved 1114112K
  class space    used 364K, committed 512K, reserved 1048576K
}

