# JRE version: Java(TM) SE Runtime Environment (21.0.9+7) (build 21.0.9+7-LTS-338)
# Java VM: Java HotSpot(TM) 64-Bit Server VM (21.0.9+7-LTS-338, mixed mode, sharing, tiered, compressed oops, compressed class ptrs, g1 gc, windows-amd64)
GC Precious Log:
 CardTable entry size: 512
 Card Set container configuration: InlinePtr #cards 4 size 8 Array Of Cards #cards 32 size 80 Howl #buckets 8 coarsen threshold 7372 Howl Bitmap #cards 1024 size 144 coarsen threshold 921 Card regions per heap region 1 cards per card region 8192
 CPUs: 16 total, 16 available
 Memory: 32389M
 Large Page Support: Disabled
 NUMA Support: Disabled
 Compressed Oops: Enabled (Zero based)
 Heap Region Size: 4M
 Heap Min Capacity: 8M
 Heap Initial Capacity: 508M
 Heap Max Capacity: 8100M
 Pre-touch: Disabled
 Parallel Workers: 13
 Concurrent Workers: 3
 Concurrent Refinement Workers: 13
 Periodic GC: Disabled
Heap:
 garbage-first heap   total 327680K, used 241776K [0x0000000605c00000, 0x0000000800000000)
  region size 4096K, 31 young (126976K), 8 survivors (32768K)
 Metaspace       used 8691K, committed 8960K, reserved 1114112K
  class space    used 391K, committed 512K, reserved 1048576K
GC Heap History (20 events):
Event: 12.738 GC heap before
{Heap before GC invocations=15 (full 0):
 garbage-first heap   total 471040K, used 414243K [0x0000000605c00000, 0x0000000800000000)
  region size 4096K, 34 young (139264K), 4 survivors (16384K)
 Metaspace       used 8182K, committed 8448K, reserved 1114112K
  class space    used 366K, committed 512K, reserved 1048576K
}
Event: 12.754 GC heap after
{Heap after GC invocations=16 (full 0):
 garbage-first heap   total 495616K, used 287883K [0x0000000605c00000, 0x0000000800000000)
  region size 4096K, 5 young (20480K), 5 survivors (20480K)
 Metaspace       used 8182K, committed 8448K, reserved 1114112K
  class space    used 366K, committed 512K, reserved 1048576K
}
Event: 12.755 GC heap before
{Heap before GC invocations=16 (full 0):
 garbage-first heap   total 495616K, used 287883K [0x0000000605c00000, 0x0000000800000000)
  region size 4096K, 6 young (24576K), 5 survivors (20480K)
 Metaspace       used 8182K, committed 8448K, reserved 1114112K
  class space    used 366K, committed 512K, reserved 1048576K
}
Event: 12.760 GC heap after
{Heap after GC invocations=17 (full 0):
 garbage-first heap   total 991232K, used 292601K [0x0000000605c00000, 0x0000000800000000)
  region size 4096K, 1 young (4096K), 1 survivors (4096K)
 Metaspace       used 8182K, committed 8448K, reserved 1114112K
  class space    used 366K, committed 512K, reserved 1048576K
}
Event: 17.000 GC heap before
{Heap before GC invocations=17 (full 0):
 garbage-first heap   total 991232K, used 825081K [0x0000000605c00000, 0x0000000800000000)
  region size 4096K, 97 young (397312K), 1 survivors (4096K)
 Metaspace       used 8213K, committed 8512K, reserved 1114112K
  class space    used 366K, committed 512K, reserved 1048576K
}
Event: 17.023 GC heap after
{Heap after GC invocations=18 (full 0):
 garbage-first heap   total 991232K, used 485173K [0x0000000605c00000, 0x0000000800000000)
  region size 4096K, 13 young (53248K), 13 survivors (53248K)
 Metaspace       used 8213K, committed 8512K, reserved 1114112K
  class space    used 366K, committed 512K, reserved 1048576K
}
Event: 17.027 GC heap before
{Heap before GC invocations=18 (full 0):
 garbage-first heap   total 991232K, used 497461K [0x0000000605c00000, 0x0000000800000000)
  region size 4096K, 14 young (57344K), 13 survivors (53248K)
 Metaspace       used 8213K, committed 8512K, reserved 1114112K
  class space    used 366K, committed 512K, reserved 1048576K
}
Event: 17.040 GC heap after
{Heap after GC invocations=19 (full 0):
 garbage-first heap   total 991232K, used 503200K [0x0000000605c00000, 0x0000000800000000)
  region size 4096K, 1 young (4096K), 1 survivors (4096K)
 Metaspace       used 8213K, committed 8512K, reserved 1114112K
  class space    used 366K, committed 512K, reserved 1048576K
}
Event: 19.166 GC heap before
{Heap before GC invocations=20 (full 0):
 garbage-first heap   total 548864K, used 531872K [0x0000000605c00000, 0x0000000800000000)
  region size 4096K, 55 young (225280K), 1 survivors (4096K)
 Metaspace       used 8213K, committed 8512K, reserved 1114112K
  class space    used 366K, committed 512K, reserved 1048576K
}
Event: 19.190 GC heap after
{Heap after GC invocations=21 (full 0):
 garbage-first heap   total 618496K, used 319845K [0x0000000605c00000, 0x0000000800000000)
  region size 4096K, 7 young (28672K), 7 survivors (28672K)
 Metaspace       used 8213K, committed 8512K, reserved 1114112K
  class space    used 366K, committed 512K, reserved 1048576K
}
Event: 21.632 GC heap before
{Heap before GC invocations=21 (full 0):
 garbage-first heap   total 618496K, used 459109K [0x0000000605c00000, 0x0000000800000000)
  region size 4096K, 38 young (155648K), 7 survivors (28672K)
 Metaspace       used 8213K, committed 8512K, reserved 1114112K
  class space    used 366K, committed 512K, reserved 1048576K
}
Event: 21.640 GC heap after
{Heap after GC invocations=22 (full 0):
 garbage-first heap   total 618496K, used 290192K [0x0000000605c00000, 0x0000000800000000)
  region size 4096K, 1 young (4096K), 1 survivors (4096K)
 Metaspace       used 8213K, committed 8512K, reserved 1114112K
  class space    used 366K, committed 512K, reserved 1048576K
}
Event: 21.643 GC heap before
{Heap before GC invocations=22 (full 0):
 garbage-first heap   total 618496K, used 294288K [0x0000000605c00000, 0x0000000800000000)
  region size 4096K, 4 young (16384K), 1 survivors (4096K)
 Metaspace       used 8213K, committed 8512K, reserved 1114112K
  class space    used 366K, committed 512K, reserved 1048576K
}
Event: 21.649 GC heap after
{Heap after GC invocations=23 (full 0):
 garbage-first heap   total 618496K, used 298230K [0x0000000605c00000, 0x0000000800000000)
  region size 4096K, 3 young (12288K), 3 survivors (12288K)
 Metaspace       used 8213K, committed 8512K, reserved 1114112K
  class space    used 366K, committed 512K, reserved 1048576K
}
Event: 22.930 GC heap before
{Heap before GC invocations=24 (full 0):
 garbage-first heap   total 368640K, used 351739K [0x0000000605c00000, 0x0000000800000000)
  region size 4096K, 35 young (143360K), 3 survivors (12288K)
 Metaspace       used 8213K, committed 8512K, reserved 1114112K
  class space    used 366K, committed 512K, reserved 1048576K
}
Event: 22.955 GC heap after
{Heap after GC invocations=25 (full 0):
 garbage-first heap   total 434176K, used 251718K [0x0000000605c00000, 0x0000000800000000)
  region size 4096K, 5 young (20480K), 5 survivors (20480K)
 Metaspace       used 8213K, committed 8512K, reserved 1114112K
  class space    used 366K, committed 512K, reserved 1048576K
}
Event: 23.002 GC heap before
{Heap before GC invocations=25 (full 0):
 garbage-first heap   total 434176K, used 366406K [0x0000000605c00000, 0x0000000800000000)
  region size 4096K, 23 young (94208K), 5 survivors (20480K)
 Metaspace       used 8213K, committed 8512K, reserved 1114112K
  class space    used 366K, committed 512K, reserved 1048576K
}
Event: 23.018 GC heap after
{Heap after GC invocations=26 (full 0):
 garbage-first heap   total 1286144K, used 253885K [0x0000000605c00000, 0x0000000800000000)
  region size 4096K, 3 young (12288K), 3 survivors (12288K)
 Metaspace       used 8213K, committed 8512K, reserved 1114112K
  class space    used 366K, committed 512K, reserved 1048576K
}
Event: 24.186 GC heap before
{Heap before GC invocations=26 (full 0):
 garbage-first heap   total 1286144K, used 282557K [0x0000000605c00000, 0x0000000800000000)
  region size 4096K, 12 young (49152K), 3 survivors (12288K)
 Metaspace       used 8213K, committed 8512K, reserved 1114112K
  class space    used 366K, committed 512K, reserved 1048576K
}
Event: 24.194 GC heap after
{Heap after GC invocations=27 (full 0):
 garbage-first heap   total 1286144K, used 270448K [0x0000000605c00000, 0x0000000800000000)
  region size 4096K, 8 young (32768K), 8 survivors (32768K)
 Metaspace       used 8213K, committed 8512K, reserved 1114112K
  class space    used 366K, committed 512K, reserved 1048576K
}

