# JRE version: Java(TM) SE Runtime Environment (21.0.9+7) (build 21.0.9+7-LTS-338)
# Java VM: Java HotSpot(TM) 64-Bit Server VM (21.0.9+7-LTS-338, mixed mode, sharing, tiered, compressed oops, compressed class ptrs, g1 gc, windows-amd64)
GC Precious Log:
 CardTable entry size: 512
 Card Set container configuration: InlinePtr #cards 4 size 8 Array Of Cards #cards 32 size 80 Howl #buckets 8 coarsen threshold 7372 Howl Bitmap #cards 1024 size 144 coarsen threshold 921 Card regions per heap region 1 cards per card region 8192
 CPUs: 16 total, 16 available
 Memory: 32389M
 Large Page Support: Disabled
 NUMA Support: Disabled
 Compressed Oops: Enabled (Zero based)
 Heap Region Size: 4M
 Heap Min Capacity: 8M
 Heap Initial Capacity: 508M
 Heap Max Capacity: 8100M
 Pre-touch: Disabled
 Parallel Workers: 13
 Concurrent Workers: 3
 Concurrent Refinement Workers: 13
 Periodic GC: Disabled
Heap:
 garbage-first heap   total 684032K, used 482310K [0x0000000605c00000, 0x0000000800000000)
  region size 4096K, 25 young (102400K), 4 survivors (16384K)
 Metaspace       used 8701K, committed 8960K, reserved 1114112K
  class space    used 391K, committed 512K, reserved 1048576K
GC Heap History (20 events):
Event: 10.238 GC heap before
{Heap before GC invocations=11 (full 0):
 garbage-first heap   total 487424K, used 339574K [0x0000000605c00000, 0x0000000800000000)
  region size 4096K, 31 young (126976K), 5 survivors (20480K)
 Metaspace       used 8192K, committed 8448K, reserved 1114112K
  class space    used 366K, committed 512K, reserved 1048576K
}
Event: 10.248 GC heap after
{Heap after GC invocations=12 (full 0):
 garbage-first heap   total 487424K, used 259114K [0x0000000605c00000, 0x0000000800000000)
  region size 4096K, 5 young (20480K), 5 survivors (20480K)
 Metaspace       used 8192K, committed 8448K, reserved 1114112K
  class space    used 366K, committed 512K, reserved 1048576K
}
Event: 11.235 GC heap before
{Heap before GC invocations=13 (full 0):
 garbage-first heap   total 487424K, used 310319K [0x0000000605c00000, 0x0000000800000000)
  region size 4096K, 32 young (131072K), 5 survivors (20480K)
 Metaspace       used 8193K, committed 8448K, reserved 1114112K
  class space    used 366K, committed 512K, reserved 1048576K
}
Event: 11.253 GC heap after
{Heap after GC invocations=14 (full 0):
 garbage-first heap   total 487424K, used 215915K [0x0000000605c00000, 0x0000000800000000)
  region size 4096K, 4 young (16384K), 4 survivors (16384K)
 Metaspace       used 8193K, committed 8448K, reserved 1114112K
  class space    used 366K, committed 512K, reserved 1048576K
}
Event: 12.211 GC heap before
{Heap before GC invocations=14 (full 0):
 garbage-first heap   total 487424K, used 433003K [0x0000000605c00000, 0x0000000800000000)
  region size 4096K, 35 young (143360K), 4 survivors (16384K)
 Metaspace       used 8195K, committed 8448K, reserved 1114112K
  class space    used 366K, committed 512K, reserved 1048576K
}
Event: 12.226 GC heap after
{Heap after GC invocations=15 (full 0):
 garbage-first heap   total 835584K, used 294110K [0x0000000605c00000, 0x0000000800000000)
  region size 4096K, 5 young (20480K), 5 survivors (20480K)
 Metaspace       used 8195K, committed 8448K, reserved 1114112K
  class space    used 366K, committed 512K, reserved 1048576K
}
Event: 15.171 GC heap before
{Heap before GC invocations=15 (full 0):
 garbage-first heap   total 835584K, used 621790K [0x0000000605c00000, 0x0000000800000000)
  region size 4096K, 71 young (290816K), 5 survivors (20480K)
 Metaspace       used 8225K, committed 8512K, reserved 1114112K
  class space    used 366K, committed 512K, reserved 1048576K
}
Event: 15.185 GC heap after
{Heap after GC invocations=16 (full 0):
 garbage-first heap   total 835584K, used 395124K [0x0000000605c00000, 0x0000000800000000)
  region size 4096K, 9 young (36864K), 9 survivors (36864K)
 Metaspace       used 8225K, committed 8512K, reserved 1114112K
  class space    used 366K, committed 512K, reserved 1048576K
}
Event: 15.193 GC heap before
{Heap before GC invocations=16 (full 0):
 garbage-first heap   total 835584K, used 423796K [0x0000000605c00000, 0x0000000800000000)
  region size 4096K, 14 young (57344K), 9 survivors (36864K)
 Metaspace       used 8225K, committed 8512K, reserved 1114112K
  class space    used 366K, committed 512K, reserved 1048576K
}
Event: 15.210 GC heap after
{Heap after GC invocations=17 (full 0):
 garbage-first heap   total 835584K, used 426037K [0x0000000605c00000, 0x0000000800000000)
  region size 4096K, 4 young (16384K), 4 survivors (16384K)
 Metaspace       used 8225K, committed 8512K, reserved 1114112K
  class space    used 366K, committed 512K, reserved 1048576K
}
Event: 17.621 GC heap before
{Heap before GC invocations=18 (full 0):
 garbage-first heap   total 655360K, used 528437K [0x0000000605c00000, 0x0000000800000000)
  region size 4096K, 58 young (237568K), 4 survivors (16384K)
 Metaspace       used 8225K, committed 8512K, reserved 1114112K
  class space    used 366K, committed 512K, reserved 1048576K
}
Event: 17.641 GC heap after
{Heap after GC invocations=19 (full 0):
 garbage-first heap   total 655360K, used 326149K [0x0000000605c00000, 0x0000000800000000)
  region size 4096K, 8 young (32768K), 8 survivors (32768K)
 Metaspace       used 8225K, committed 8512K, reserved 1114112K
  class space    used 366K, committed 512K, reserved 1048576K
}
Event: 18.884 GC heap before
{Heap before GC invocations=19 (full 0):
 garbage-first heap   total 655360K, used 563717K [0x0000000605c00000, 0x0000000800000000)
  region size 4096K, 47 young (192512K), 8 survivors (32768K)
 Metaspace       used 8225K, committed 8512K, reserved 1114112K
  class space    used 366K, committed 512K, reserved 1048576K
}
Event: 18.901 GC heap after
{Heap after GC invocations=20 (full 0):
 garbage-first heap   total 655360K, used 375525K [0x0000000605c00000, 0x0000000800000000)
  region size 4096K, 6 young (24576K), 6 survivors (24576K)
 Metaspace       used 8225K, committed 8512K, reserved 1114112K
  class space    used 366K, committed 512K, reserved 1048576K
}
Event: 20.769 GC heap before
{Heap before GC invocations=20 (full 0):
 garbage-first heap   total 655360K, used 436965K [0x0000000605c00000, 0x0000000800000000)
  region size 4096K, 23 young (94208K), 6 survivors (24576K)
 Metaspace       used 8225K, committed 8512K, reserved 1114112K
  class space    used 366K, committed 512K, reserved 1048576K
}
Event: 20.777 GC heap after
{Heap after GC invocations=21 (full 0):
 garbage-first heap   total 655360K, used 381729K [0x0000000605c00000, 0x0000000800000000)
  region size 4096K, 1 young (4096K), 1 survivors (4096K)
 Metaspace       used 8225K, committed 8512K, reserved 1114112K
  class space    used 366K, committed 512K, reserved 1048576K
}
Event: 22.042 GC heap before
{Heap before GC invocations=22 (full 0):
 garbage-first heap   total 532480K, used 414497K [0x0000000605c00000, 0x0000000800000000)
  region size 4096K, 37 young (151552K), 1 survivors (4096K)
 Metaspace       used 8225K, committed 8512K, reserved 1114112K
  class space    used 366K, committed 512K, reserved 1048576K
}
Event: 22.066 GC heap after
{Heap after GC invocations=23 (full 0):
 garbage-first heap   total 532480K, used 312296K [0x0000000605c00000, 0x0000000800000000)
  region size 4096K, 5 young (20480K), 5 survivors (20480K)
 Metaspace       used 8225K, committed 8512K, reserved 1114112K
  class space    used 366K, committed 512K, reserved 1048576K
}
Event: 23.207 GC heap before
{Heap before GC invocations=23 (full 0):
 garbage-first heap   total 532480K, used 472040K [0x0000000605c00000, 0x0000000800000000)
  region size 4096K, 32 young (131072K), 5 survivors (20480K)
 Metaspace       used 8225K, committed 8512K, reserved 1114112K
  class space    used 366K, committed 512K, reserved 1048576K
}
Event: 23.223 GC heap after
{Heap after GC invocations=24 (full 0):
 garbage-first heap   total 684032K, used 330758K [0x0000000605c00000, 0x0000000800000000)
  region size 4096K, 4 young (16384K), 4 survivors (16384K)
 Metaspace       used 8225K, committed 8512K, reserved 1114112K
  class space    used 366K, committed 512K, reserved 1048576K
}

