# JRE version: Java(TM) SE Runtime Environment (21.0.9+7) (build 21.0.9+7-LTS-338)
# Java VM: Java HotSpot(TM) 64-Bit Server VM (21.0.9+7-LTS-338, mixed mode, sharing, tiered, compressed oops, compressed class ptrs, g1 gc, windows-amd64)
GC Precious Log:
 CardTable entry size: 512
 Card Set container configuration: InlinePtr #cards 4 size 8 Array Of Cards #cards 16 size 48 Howl #buckets 8 coarsen threshold 3686 Howl Bitmap #cards 512 size 80 coarsen threshold 460 Card regions per heap region 1 cards per card region 4096
 CPUs: 16 total, 16 available
 Memory: 15676M
 Large Page Support: Disabled
 NUMA Support: Disabled
 Compressed Oops: Enabled (Zero based)
 Heap Region Size: 2M
 Heap Min Capacity: 8M
 Heap Initial Capacity: 246M
 Heap Max Capacity: 3920M
 Pre-touch: Disabled
 Parallel Workers: 13
 Concurrent Workers: 3
 Concurrent Refinement Workers: 13
 Periodic GC: Disabled
Heap:
 garbage-first heap   total 335872K, used 270739K [0x000000070b000000, 0x0000000800000000)
  region size 2048K, 30 young (61440K), 6 survivors (12288K)
 Metaspace       used 8785K, committed 9088K, reserved 1114112K
  class space    used 391K, committed 512K, reserved 1048576K
GC Heap History (20 events):
Event: 30.737 GC heap before
{Heap before GC invocations=24 (full 0):
 garbage-first heap   total 176128K, used 174938K [0x000000070b000000, 0x0000000800000000)
  region size 2048K, 18 young (36864K), 6 survivors (12288K)
 Metaspace       used 8183K, committed 8448K, reserved 1114112K
  class space    used 365K, committed 512K, reserved 1048576K
}
Event: 30.777 GC heap after
{Heap after GC invocations=25 (full 0):
 garbage-first heap   total 200704K, used 112133K [0x000000070b000000, 0x0000000800000000)
  region size 2048K, 3 young (6144K), 3 survivors (6144K)
 Metaspace       used 8183K, committed 8448K, reserved 1114112K
  class space    used 365K, committed 512K, reserved 1048576K
}
Event: 32.854 GC heap before
{Heap before GC invocations=25 (full 0):
 garbage-first heap   total 200704K, used 192005K [0x000000070b000000, 0x0000000800000000)
  region size 2048K, 23 young (47104K), 3 survivors (6144K)
 Metaspace       used 8183K, committed 8448K, reserved 1114112K
  class space    used 365K, committed 512K, reserved 1048576K
}
Event: 32.899 GC heap after
{Heap after GC invocations=26 (full 0):
 garbage-first heap   total 522240K, used 150528K [0x000000070b000000, 0x0000000800000000)
  region size 2048K, 3 young (6144K), 3 survivors (6144K)
 Metaspace       used 8183K, committed 8448K, reserved 1114112K
  class space    used 365K, committed 512K, reserved 1048576K
}
Event: 32.900 GC heap before
{Heap before GC invocations=26 (full 0):
 garbage-first heap   total 522240K, used 150528K [0x000000070b000000, 0x0000000800000000)
  region size 2048K, 4 young (8192K), 3 survivors (6144K)
 Metaspace       used 8183K, committed 8448K, reserved 1114112K
  class space    used 365K, committed 512K, reserved 1048576K
}
Event: 32.911 GC heap after
{Heap after GC invocations=27 (full 0):
 garbage-first heap   total 522240K, used 151972K [0x000000070b000000, 0x0000000800000000)
  region size 2048K, 4 young (8192K), 4 survivors (8192K)
 Metaspace       used 8183K, committed 8448K, reserved 1114112K
  class space    used 365K, committed 512K, reserved 1048576K
}
Event: 35.409 GC heap before
{Heap before GC invocations=28 (full 0):
 garbage-first heap   total 266240K, used 262564K [0x000000070b000000, 0x0000000800000000)
  region size 2048K, 50 young (102400K), 4 survivors (8192K)
 Metaspace       used 8183K, committed 8448K, reserved 1114112K
  class space    used 365K, committed 512K, reserved 1048576K
}
Event: 35.459 GC heap after
{Heap after GC invocations=29 (full 0):
 garbage-first heap   total 321536K, used 171628K [0x000000070b000000, 0x0000000800000000)
  region size 2048K, 10 young (20480K), 10 survivors (20480K)
 Metaspace       used 8183K, committed 8448K, reserved 1114112K
  class space    used 365K, committed 512K, reserved 1048576K
}
Event: 35.509 GC heap before
{Heap before GC invocations=29 (full 0):
 garbage-first heap   total 325632K, used 321132K [0x000000070b000000, 0x0000000800000000)
  region size 2048K, 40 young (81920K), 10 survivors (20480K)
 Metaspace       used 8183K, committed 8448K, reserved 1114112K
  class space    used 365K, committed 512K, reserved 1048576K
}
Event: 35.556 GC heap after
{Heap after GC invocations=30 (full 0):
 garbage-first heap   total 378880K, used 263168K [0x000000070b000000, 0x0000000800000000)
  region size 2048K, 6 young (12288K), 6 survivors (12288K)
 Metaspace       used 8183K, committed 8448K, reserved 1114112K
  class space    used 365K, committed 512K, reserved 1048576K
}
Event: 35.559 GC heap before
{Heap before GC invocations=30 (full 0):
 garbage-first heap   total 378880K, used 265216K [0x000000070b000000, 0x0000000800000000)
  region size 2048K, 8 young (16384K), 6 survivors (12288K)
 Metaspace       used 8183K, committed 8448K, reserved 1114112K
  class space    used 365K, committed 512K, reserved 1048576K
}
Event: 35.576 GC heap after
{Heap after GC invocations=31 (full 0):
 garbage-first heap   total 778240K, used 270955K [0x000000070b000000, 0x0000000800000000)
  region size 2048K, 2 young (4096K), 2 survivors (4096K)
 Metaspace       used 8183K, committed 8448K, reserved 1114112K
  class space    used 365K, committed 512K, reserved 1048576K
}
Event: 41.534 GC heap before
{Heap before GC invocations=32 (full 0):
 garbage-first heap   total 438272K, used 339563K [0x000000070b000000, 0x0000000800000000)
  region size 2048K, 95 young (194560K), 2 survivors (4096K)
 Metaspace       used 8185K, committed 8448K, reserved 1114112K
  class space    used 365K, committed 512K, reserved 1048576K
}
Event: 41.561 GC heap after
{Heap after GC invocations=33 (full 0):
 garbage-first heap   total 438272K, used 127645K [0x000000070b000000, 0x0000000800000000)
  region size 2048K, 7 young (14336K), 7 survivors (14336K)
 Metaspace       used 8185K, committed 8448K, reserved 1114112K
  class space    used 365K, committed 512K, reserved 1048576K
}
Event: 43.963 GC heap before
{Heap before GC invocations=33 (full 0):
 garbage-first heap   total 438272K, used 434845K [0x000000070b000000, 0x0000000800000000)
  region size 2048K, 72 young (147456K), 7 survivors (14336K)
 Metaspace       used 8185K, committed 8448K, reserved 1114112K
  class space    used 365K, committed 512K, reserved 1048576K
}
Event: 44.052 GC heap after
{Heap after GC invocations=34 (full 0):
 garbage-first heap   total 526336K, used 281304K [0x000000070b000000, 0x0000000800000000)
  region size 2048K, 9 young (18432K), 9 survivors (18432K)
 Metaspace       used 8185K, committed 8448K, reserved 1114112K
  class space    used 365K, committed 512K, reserved 1048576K
}
Event: 44.056 GC heap before
{Heap before GC invocations=34 (full 0):
 garbage-first heap   total 526336K, used 285400K [0x000000070b000000, 0x0000000800000000)
  region size 2048K, 13 young (26624K), 9 survivors (18432K)
 Metaspace       used 8185K, committed 8448K, reserved 1114112K
  class space    used 365K, committed 512K, reserved 1048576K
}
Event: 44.074 GC heap after
{Heap after GC invocations=35 (full 0):
 garbage-first heap   total 526336K, used 293978K [0x000000070b000000, 0x0000000800000000)
  region size 2048K, 5 young (10240K), 5 survivors (10240K)
 Metaspace       used 8185K, committed 8448K, reserved 1114112K
  class space    used 365K, committed 512K, reserved 1048576K
}
Event: 46.287 GC heap before
{Heap before GC invocations=36 (full 0):
 garbage-first heap   total 335872K, used 267354K [0x000000070b000000, 0x0000000800000000)
  region size 2048K, 48 young (98304K), 5 survivors (10240K)
 Metaspace       used 8185K, committed 8448K, reserved 1114112K
  class space    used 365K, committed 512K, reserved 1048576K
}
Event: 46.354 GC heap after
{Heap after GC invocations=37 (full 0):
 garbage-first heap   total 335872K, used 186771K [0x000000070b000000, 0x0000000800000000)
  region size 2048K, 6 young (12288K), 6 survivors (12288K)
 Metaspace       used 8185K, committed 8448K, reserved 1114112K
  class space    used 365K, committed 512K, reserved 1048576K
}

