# JRE version: Java(TM) SE Runtime Environment (21.0.9+7) (build 21.0.9+7-LTS-338)
# Java VM: Java HotSpot(TM) 64-Bit Server VM (21.0.9+7-LTS-338, mixed mode, sharing, tiered, compressed oops, compressed class ptrs, g1 gc, windows-amd64)
GC Precious Log:
 CardTable entry size: 512
 Card Set container configuration: InlinePtr #cards 4 size 8 Array Of Cards #cards 32 size 80 Howl #buckets 8 coarsen threshold 7372 Howl Bitmap #cards 1024 size 144 coarsen threshold 921 Card regions per heap region 1 cards per card region 8192
 CPUs: 16 total, 16 available
 Memory: 32389M
 Large Page Support: Disabled
 NUMA Support: Disabled
 Compressed Oops: Enabled (Zero based)
 Heap Region Size: 4M
 Heap Min Capacity: 8M
 Heap Initial Capacity: 508M
 Heap Max Capacity: 8100M
 Pre-touch: Disabled
 Parallel Workers: 13
 Concurrent Workers: 3
 Concurrent Refinement Workers: 13
 Periodic GC: Disabled
Heap:
 garbage-first heap   total 679936K, used 351937K [0x0000000605c00000, 0x0000000800000000)
  region size 4096K, 40 young (163840K), 2 survivors (8192K)
 Metaspace       used 8713K, committed 8960K, reserved 1114112K
  class space    used 392K, committed 512K, reserved 1048576K
GC Heap History (20 events):
Event: 16.198 GC heap before
{Heap before GC invocations=17 (full 0):
 garbage-first heap   total 368640K, used 358930K [0x0000000605c00000, 0x0000000800000000)
  region size 4096K, 43 young (176128K), 2 survivors (8192K)
 Metaspace       used 8237K, committed 8512K, reserved 1114112K
  class space    used 367K, committed 512K, reserved 1048576K
}
Event: 16.216 GC heap after
{Heap after GC invocations=18 (full 0):
 garbage-first heap   total 442368K, used 227907K [0x0000000605c00000, 0x0000000800000000)
  region size 4096K, 6 young (24576K), 6 survivors (24576K)
 Metaspace       used 8237K, committed 8512K, reserved 1114112K
  class space    used 367K, committed 512K, reserved 1048576K
}
Event: 17.489 GC heap before
{Heap before GC invocations=18 (full 0):
 garbage-first heap   total 442368K, used 391747K [0x0000000605c00000, 0x0000000800000000)
  region size 4096K, 31 young (126976K), 6 survivors (24576K)
 Metaspace       used 8237K, committed 8512K, reserved 1114112K
  class space    used 367K, committed 512K, reserved 1048576K
}
Event: 17.506 GC heap after
{Heap after GC invocations=19 (full 0):
 garbage-first heap   total 466944K, used 265020K [0x0000000605c00000, 0x0000000800000000)
  region size 4096K, 4 young (16384K), 4 survivors (16384K)
 Metaspace       used 8237K, committed 8512K, reserved 1114112K
  class space    used 367K, committed 512K, reserved 1048576K
}
Event: 17.506 GC heap before
{Heap before GC invocations=19 (full 0):
 garbage-first heap   total 466944K, used 265020K [0x0000000605c00000, 0x0000000800000000)
  region size 4096K, 5 young (20480K), 4 survivors (16384K)
 Metaspace       used 8237K, committed 8512K, reserved 1114112K
  class space    used 367K, committed 512K, reserved 1048576K
}
Event: 17.510 GC heap after
{Heap after GC invocations=20 (full 0):
 garbage-first heap   total 466944K, used 274131K [0x0000000605c00000, 0x0000000800000000)
  region size 4096K, 1 young (4096K), 1 survivors (4096K)
 Metaspace       used 8237K, committed 8512K, reserved 1114112K
  class space    used 367K, committed 512K, reserved 1048576K
}
Event: 17.553 GC heap before
{Heap before GC invocations=21 (full 0):
 garbage-first heap   total 385024K, used 261279K [0x0000000605c00000, 0x0000000800000000)
  region size 4096K, 21 young (86016K), 1 survivors (4096K)
 Metaspace       used 8237K, committed 8512K, reserved 1114112K
  class space    used 367K, committed 512K, reserved 1048576K
}
Event: 17.569 GC heap after
{Heap after GC invocations=22 (full 0):
 garbage-first heap   total 385024K, used 215351K [0x0000000605c00000, 0x0000000800000000)
  region size 4096K, 3 young (12288K), 3 survivors (12288K)
 Metaspace       used 8237K, committed 8512K, reserved 1114112K
  class space    used 367K, committed 512K, reserved 1048576K
}
Event: 18.446 GC heap before
{Heap before GC invocations=22 (full 0):
 garbage-first heap   total 385024K, used 309559K [0x0000000605c00000, 0x0000000800000000)
  region size 4096K, 20 young (81920K), 3 survivors (12288K)
 Metaspace       used 8238K, committed 8512K, reserved 1114112K
  class space    used 367K, committed 512K, reserved 1048576K
}
Event: 18.453 GC heap after
{Heap after GC invocations=23 (full 0):
 garbage-first heap   total 770048K, used 175872K [0x0000000605c00000, 0x0000000800000000)
  region size 4096K, 2 young (8192K), 2 survivors (8192K)
 Metaspace       used 8238K, committed 8512K, reserved 1114112K
  class space    used 367K, committed 512K, reserved 1048576K
}
Event: 20.655 GC heap before
{Heap before GC invocations=23 (full 0):
 garbage-first heap   total 770048K, used 282368K [0x0000000605c00000, 0x0000000800000000)
  region size 4096K, 30 young (122880K), 2 survivors (8192K)
 Metaspace       used 8238K, committed 8512K, reserved 1114112K
  class space    used 367K, committed 512K, reserved 1048576K
}
Event: 20.658 GC heap after
{Heap after GC invocations=24 (full 0):
 garbage-first heap   total 770048K, used 173585K [0x0000000605c00000, 0x0000000800000000)
  region size 4096K, 2 young (8192K), 2 survivors (8192K)
 Metaspace       used 8238K, committed 8512K, reserved 1114112K
  class space    used 367K, committed 512K, reserved 1048576K
}
Event: 20.714 GC heap before
{Heap before GC invocations=25 (full 0):
 garbage-first heap   total 249856K, used 242404K [0x0000000605c00000, 0x0000000800000000)
  region size 4096K, 24 young (98304K), 2 survivors (8192K)
 Metaspace       used 8238K, committed 8512K, reserved 1114112K
  class space    used 367K, committed 512K, reserved 1048576K
}
Event: 20.734 GC heap after
{Heap after GC invocations=26 (full 0):
 garbage-first heap   total 311296K, used 177263K [0x0000000605c00000, 0x0000000800000000)
  region size 4096K, 9 young (36864K), 9 survivors (36864K)
 Metaspace       used 8238K, committed 8512K, reserved 1114112K
  class space    used 367K, committed 512K, reserved 1048576K
}
Event: 21.898 GC heap before
{Heap before GC invocations=26 (full 0):
 garbage-first heap   total 311296K, used 267375K [0x0000000605c00000, 0x0000000800000000)
  region size 4096K, 23 young (94208K), 9 survivors (36864K)
 Metaspace       used 8238K, committed 8512K, reserved 1114112K
  class space    used 367K, committed 512K, reserved 1048576K
}
Event: 21.918 GC heap after
{Heap after GC invocations=27 (full 0):
 garbage-first heap   total 331776K, used 206466K [0x0000000605c00000, 0x0000000800000000)
  region size 4096K, 3 young (12288K), 3 survivors (12288K)
 Metaspace       used 8238K, committed 8512K, reserved 1114112K
  class space    used 367K, committed 512K, reserved 1048576K
}
Event: 21.919 GC heap before
{Heap before GC invocations=27 (full 0):
 garbage-first heap   total 331776K, used 210562K [0x0000000605c00000, 0x0000000800000000)
  region size 4096K, 5 young (20480K), 3 survivors (12288K)
 Metaspace       used 8238K, committed 8512K, reserved 1114112K
  class space    used 367K, committed 512K, reserved 1048576K
}
Event: 21.925 GC heap after
{Heap after GC invocations=28 (full 0):
 garbage-first heap   total 331776K, used 218478K [0x0000000605c00000, 0x0000000800000000)
  region size 4096K, 2 young (8192K), 2 survivors (8192K)
 Metaspace       used 8238K, committed 8512K, reserved 1114112K
  class space    used 367K, committed 512K, reserved 1048576K
}
Event: 21.955 GC heap before
{Heap before GC invocations=29 (full 0):
 garbage-first heap   total 331776K, used 148846K [0x0000000605c00000, 0x0000000800000000)
  region size 4096K, 11 young (45056K), 2 survivors (8192K)
 Metaspace       used 8238K, committed 8512K, reserved 1114112K
  class space    used 367K, committed 512K, reserved 1048576K
}
Event: 21.961 GC heap after
{Heap after GC invocations=30 (full 0):
 garbage-first heap   total 679936K, used 106177K [0x0000000605c00000, 0x0000000800000000)
  region size 4096K, 2 young (8192K), 2 survivors (8192K)
 Metaspace       used 8238K, committed 8512K, reserved 1114112K
  class space    used 367K, committed 512K, reserved 1048576K
}

