# JRE version: Java(TM) SE Runtime Environment (21.0.9+7) (build 21.0.9+7-LTS-338)
# Java VM: Java HotSpot(TM) 64-Bit Server VM (21.0.9+7-LTS-338, mixed mode, sharing, tiered, compressed oops, compressed class ptrs, g1 gc, windows-amd64)
GC Precious Log:
 CardTable entry size: 512
 Card Set container configuration: InlinePtr #cards 4 size 8 Array Of Cards #cards 32 size 80 Howl #buckets 8 coarsen threshold 7372 Howl Bitmap #cards 1024 size 144 coarsen threshold 921 Card regions per heap region 1 cards per card region 8192
 CPUs: 16 total, 16 available
 Memory: 32389M
 Large Page Support: Disabled
 NUMA Support: Disabled
 Compressed Oops: Enabled (Zero based)
 Heap Region Size: 4M
 Heap Min Capacity: 8M
 Heap Initial Capacity: 508M
 Heap Max Capacity: 8100M
 Pre-touch: Disabled
 Parallel Workers: 13
 Concurrent Workers: 3
 Concurrent Refinement Workers: 13
 Periodic GC: Disabled
Heap:
 garbage-first heap   total 507904K, used 158671K [0x0000000605c00000, 0x0000000800000000)
  region size 4096K, 7 young (28672K), 2 survivors (8192K)
 Metaspace       used 8709K, committed 8960K, reserved 1114112K
  class space    used 391K, committed 512K, reserved 1048576K
GC Heap History (20 events):
Event: 11.412 GC heap before
{Heap before GC invocations=12 (full 0):
 garbage-first heap   total 397312K, used 204462K [0x0000000605c00000, 0x0000000800000000)
  region size 4096K, 9 young (36864K), 3 survivors (12288K)
 Metaspace       used 8200K, committed 8448K, reserved 1114112K
  class space    used 366K, committed 512K, reserved 1048576K
}
Event: 11.416 GC heap after
{Heap after GC invocations=13 (full 0):
 garbage-first heap   total 397312K, used 182706K [0x0000000605c00000, 0x0000000800000000)
  region size 4096K, 2 young (8192K), 2 survivors (8192K)
 Metaspace       used 8200K, committed 8448K, reserved 1114112K
  class space    used 366K, committed 512K, reserved 1048576K
}
Event: 12.508 GC heap before
{Heap before GC invocations=14 (full 0):
 garbage-first heap   total 286720K, used 260530K [0x0000000605c00000, 0x0000000800000000)
  region size 4096K, 29 young (118784K), 2 survivors (8192K)
 Metaspace       used 8202K, committed 8448K, reserved 1114112K
  class space    used 366K, committed 512K, reserved 1048576K
}
Event: 12.532 GC heap after
{Heap after GC invocations=15 (full 0):
 garbage-first heap   total 696320K, used 159252K [0x0000000605c00000, 0x0000000800000000)
  region size 4096K, 4 young (16384K), 4 survivors (16384K)
 Metaspace       used 8202K, committed 8448K, reserved 1114112K
  class space    used 366K, committed 512K, reserved 1048576K
}
Event: 14.459 GC heap before
{Heap before GC invocations=15 (full 0):
 garbage-first heap   total 696320K, used 540180K [0x0000000605c00000, 0x0000000800000000)
  region size 4096K, 68 young (278528K), 4 survivors (16384K)
 Metaspace       used 8215K, committed 8448K, reserved 1114112K
  class space    used 366K, committed 512K, reserved 1048576K
}
Event: 14.483 GC heap after
{Heap after GC invocations=16 (full 0):
 garbage-first heap   total 696320K, used 299425K [0x0000000605c00000, 0x0000000800000000)
  region size 4096K, 9 young (36864K), 9 survivors (36864K)
 Metaspace       used 8215K, committed 8448K, reserved 1114112K
  class space    used 366K, committed 512K, reserved 1048576K
}
Event: 16.728 GC heap before
{Heap before GC invocations=16 (full 0):
 garbage-first heap   total 696320K, used 504225K [0x0000000605c00000, 0x0000000800000000)
  region size 4096K, 50 young (204800K), 9 survivors (36864K)
 Metaspace       used 8234K, committed 8512K, reserved 1114112K
  class space    used 366K, committed 512K, reserved 1048576K
}
Event: 16.744 GC heap after
{Heap after GC invocations=17 (full 0):
 garbage-first heap   total 696320K, used 379129K [0x0000000605c00000, 0x0000000800000000)
  region size 4096K, 7 young (28672K), 7 survivors (28672K)
 Metaspace       used 8234K, committed 8512K, reserved 1114112K
  class space    used 366K, committed 512K, reserved 1048576K
}
Event: 18.005 GC heap before
{Heap before GC invocations=18 (full 0):
 garbage-first heap   total 643072K, used 436473K [0x0000000605c00000, 0x0000000800000000)
  region size 4096K, 48 young (196608K), 7 survivors (28672K)
 Metaspace       used 8234K, committed 8512K, reserved 1114112K
  class space    used 366K, committed 512K, reserved 1048576K
}
Event: 18.022 GC heap after
{Heap after GC invocations=19 (full 0):
 garbage-first heap   total 643072K, used 262816K [0x0000000605c00000, 0x0000000800000000)
  region size 4096K, 6 young (24576K), 6 survivors (24576K)
 Metaspace       used 8234K, committed 8512K, reserved 1114112K
  class space    used 366K, committed 512K, reserved 1048576K
}
Event: 20.328 GC heap before
{Heap before GC invocations=19 (full 0):
 garbage-first heap   total 643072K, used 561824K [0x0000000605c00000, 0x0000000800000000)
  region size 4096K, 51 young (208896K), 6 survivors (24576K)
 Metaspace       used 8234K, committed 8512K, reserved 1114112K
  class space    used 366K, committed 512K, reserved 1048576K
}
Event: 20.349 GC heap after
{Heap after GC invocations=20 (full 0):
 garbage-first heap   total 655360K, used 380531K [0x0000000605c00000, 0x0000000800000000)
  region size 4096K, 7 young (28672K), 7 survivors (28672K)
 Metaspace       used 8234K, committed 8512K, reserved 1114112K
  class space    used 366K, committed 512K, reserved 1048576K
}
Event: 22.683 GC heap before
{Heap before GC invocations=20 (full 0):
 garbage-first heap   total 655360K, used 478835K [0x0000000605c00000, 0x0000000800000000)
  region size 4096K, 33 young (135168K), 7 survivors (28672K)
 Metaspace       used 8234K, committed 8512K, reserved 1114112K
  class space    used 366K, committed 512K, reserved 1048576K
}
Event: 22.693 GC heap after
{Heap after GC invocations=21 (full 0):
 garbage-first heap   total 655360K, used 385744K [0x0000000605c00000, 0x0000000800000000)
  region size 4096K, 1 young (4096K), 1 survivors (4096K)
 Metaspace       used 8234K, committed 8512K, reserved 1114112K
  class space    used 366K, committed 512K, reserved 1048576K
}
Event: 24.070 GC heap before
{Heap before GC invocations=22 (full 0):
 garbage-first heap   total 520192K, used 406224K [0x0000000605c00000, 0x0000000800000000)
  region size 4096K, 37 young (151552K), 1 survivors (4096K)
 Metaspace       used 8234K, committed 8512K, reserved 1114112K
  class space    used 366K, committed 512K, reserved 1048576K
}
Event: 24.095 GC heap after
{Heap after GC invocations=23 (full 0):
 garbage-first heap   total 647168K, used 303682K [0x0000000605c00000, 0x0000000800000000)
  region size 4096K, 5 young (20480K), 5 survivors (20480K)
 Metaspace       used 8234K, committed 8512K, reserved 1114112K
  class space    used 366K, committed 512K, reserved 1048576K
}
Event: 25.368 GC heap before
{Heap before GC invocations=23 (full 0):
 garbage-first heap   total 647168K, used 569922K [0x0000000605c00000, 0x0000000800000000)
  region size 4096K, 46 young (188416K), 5 survivors (20480K)
 Metaspace       used 8234K, committed 8512K, reserved 1114112K
  class space    used 366K, committed 512K, reserved 1048576K
}
Event: 25.389 GC heap after
{Heap after GC invocations=24 (full 0):
 garbage-first heap   total 679936K, used 392360K [0x0000000605c00000, 0x0000000800000000)
  region size 4096K, 6 young (24576K), 6 survivors (24576K)
 Metaspace       used 8234K, committed 8512K, reserved 1114112K
  class space    used 366K, committed 512K, reserved 1048576K
}
Event: 25.391 GC heap before
{Heap before GC invocations=24 (full 0):
 garbage-first heap   total 679936K, used 400552K [0x0000000605c00000, 0x0000000800000000)
  region size 4096K, 9 young (36864K), 6 survivors (24576K)
 Metaspace       used 8234K, committed 8512K, reserved 1114112K
  class space    used 366K, committed 512K, reserved 1048576K
}
Event: 25.397 GC heap after
{Heap after GC invocations=25 (full 0):
 garbage-first heap   total 679936K, used 408217K [0x0000000605c00000, 0x0000000800000000)
  region size 4096K, 2 young (8192K), 2 survivors (8192K)
 Metaspace       used 8234K, committed 8512K, reserved 1114112K
  class space    used 366K, committed 512K, reserved 1048576K
}

